This file contains any messages produced by compilers while
running configure, to aid debugging if configure makes a mistake.

It was created by PAPI configure 4.1.3.0, which was
generated by GNU Autoconf 2.61.  Invocation command line was

  $ ./configure --prefix=/local/MSP/papi-4.1.3/

## --------- ##
## Platform. ##
## --------- ##

hostname = gothmog.it.kth.se
uname -m = x86_64
uname -r = 2.6.32-131.17.1.el6.x86_64
uname -s = Linux
uname -v = #1 SMP Thu Sep 29 10:24:25 EDT 2011

/usr/bin/uname -p = unknown
/bin/uname -X     = unknown

/bin/arch              = x86_64
/usr/bin/arch -k       = unknown
/usr/convex/getsysinfo = unknown
/usr/bin/hostinfo      = unknown
/bin/machine           = unknown
/usr/bin/oslevel       = unknown
/bin/universe          = unknown

PATH: /opt/intel/inspector_xe_2011/bin64
PATH: /opt/intel/vtune_amplifier_xe_2011/bin64
PATH: /opt/intel/composerxe-2011.4.191/bin/intel64
PATH: /home/ananya/nanos/wxparaver64/bin
PATH: /home/ananya/nanos/bin
PATH: /home/ananya/survival_tools/bin
PATH: /usr/lib/heimdal/bin
PATH: /usr/lib64/qt-3.3/bin
PATH: /usr/NX/bin
PATH: /usr/local/bin
PATH: /bin
PATH: /usr/bin
PATH: /usr/local/sbin
PATH: /usr/sbin
PATH: /sbin
PATH: /opt/intel/composerxe-2011.4.191/mpirt/bin/intel64
PATH: /local/ananya/bin


## ----------- ##
## Core tests. ##
## ----------- ##

configure:1801: checking for architecture
configure:1811: result: x86_64
configure:1821: checking for OS
configure:1834: result: linux
configure:1844: checking for OS version
configure:1856: result: 2.6.32-131.17.1.el6.x86_64
configure:1859: checking for perf_event workaround level
configure:1870: result: autodetect
configure:1939: checking for xlc
configure:1969: result: no
configure:1939: checking for gcc
configure:1955: found /usr/local/bin/gcc
configure:1966: result: gcc
configure:2002: checking for C compiler version
configure:2009: gcc --version >&5
gcc (GCC) 4.7.0 20120127 (experimental)
Copyright (C) 2012 Free Software Foundation, Inc.
This is free software; see the source for copying conditions.  There is NO
warranty; not even for MERCHANTABILITY or FITNESS FOR A PARTICULAR PURPOSE.

configure:2012: $? = 0
configure:2019: gcc -v >&5
Using built-in specs.
COLLECT_GCC=gcc
COLLECT_LTO_WRAPPER=/usr/local/libexec/gcc/x86_64-unknown-linux-gnu/4.7.0/lto-wrapper
Target: x86_64-unknown-linux-gnu
Configured with: ../cilkplus/configure
Thread model: posix
gcc version 4.7.0 20120127 (experimental) (GCC) 
configure:2022: $? = 0
configure:2029: gcc -V >&5
gcc: error: unrecognized command line option '-V'
gcc: fatal error: no input files
compilation terminated.
configure:2032: $? = 1
configure:2055: checking for C compiler default output file name
configure:2082: gcc  -g   conftest.c  >&5
configure:2085: $? = 0
configure:2123: result: a.out
configure:2140: checking whether the C compiler works
configure:2150: ./a.out
configure:2153: $? = 0
configure:2170: result: yes
configure:2177: checking whether we are cross compiling
configure:2179: result: no
configure:2182: checking for suffix of executables
configure:2189: gcc -o conftest  -g   conftest.c  >&5
configure:2192: $? = 0
configure:2216: result: 
configure:2222: checking for suffix of object files
configure:2248: gcc -c  -g  conftest.c >&5
configure:2251: $? = 0
configure:2274: result: o
configure:2278: checking whether we are using the GNU C compiler
configure:2307: gcc -c  -g  conftest.c >&5
configure:2313: $? = 0
configure:2330: result: yes
configure:2335: checking whether gcc accepts -g
configure:2365: gcc -c -g  conftest.c >&5
configure:2371: $? = 0
configure:2470: result: yes
configure:2487: checking for gcc option to accept ISO C89
configure:2561: gcc  -c  -g  conftest.c >&5
configure:2567: $? = 0
configure:2590: result: none needed
configure:2661: checking for xlf
configure:2691: result: no
configure:2661: checking for gfortran
configure:2677: found /usr/local/bin/gfortran
configure:2688: result: gfortran
configure:2718: checking for Fortran 77 compiler version
configure:2725: gfortran --version >&5
GNU Fortran (GCC) 4.7.0 20120127 (experimental)
Copyright (C) 2012 Free Software Foundation, Inc.

GNU Fortran comes with NO WARRANTY, to the extent permitted by law.
You may redistribute copies of GNU Fortran
under the terms of the GNU General Public License.
For more information about these matters, see the file named COPYING

configure:2728: $? = 0
configure:2735: gfortran -v >&5
Using built-in specs.
COLLECT_GCC=gfortran
COLLECT_LTO_WRAPPER=/usr/local/libexec/gcc/x86_64-unknown-linux-gnu/4.7.0/lto-wrapper
Target: x86_64-unknown-linux-gnu
Configured with: ../cilkplus/configure
Thread model: posix
gcc version 4.7.0 20120127 (experimental) (GCC) 
configure:2738: $? = 0
configure:2745: gfortran -V >&5
gfortran: error: unrecognized command line option '-V'
gfortran: fatal error: no input files
compilation terminated.
configure:2748: $? = 1
configure:2756: checking whether we are using the GNU Fortran 77 compiler
configure:2775: gfortran -c  conftest.F >&5
configure:2781: $? = 0
configure:2798: result: yes
configure:2804: checking whether gfortran accepts -g
configure:2821: gfortran -c -g conftest.f >&5
configure:2827: $? = 0
configure:2843: result: yes
configure:2872: checking for gawk
configure:2888: found /bin/gawk
configure:2899: result: gawk
configure:2915: checking how to run the C preprocessor
configure:2955: gcc -E  conftest.c
configure:2961: $? = 0
configure:2992: gcc -E  conftest.c
conftest.c:8:28: fatal error: ac_nonexistent.h: No such file or directory
compilation terminated.
configure:2998: $? = 1
configure: failed program was:
| /* confdefs.h.  */
| #define PACKAGE_NAME "PAPI"
| #define PACKAGE_TARNAME "papi"
| #define PACKAGE_VERSION "4.1.3.0"
| #define PACKAGE_STRING "PAPI 4.1.3.0"
| #define PACKAGE_BUGREPORT "ptools-perfapi@eecs.utk.edu"
| /* end confdefs.h.  */
| #include <ac_nonexistent.h>
configure:3031: result: gcc -E
configure:3060: gcc -E  conftest.c
configure:3066: $? = 0
configure:3097: gcc -E  conftest.c
conftest.c:8:28: fatal error: ac_nonexistent.h: No such file or directory
compilation terminated.
configure:3103: $? = 1
configure: failed program was:
| /* confdefs.h.  */
| #define PACKAGE_NAME "PAPI"
| #define PACKAGE_TARNAME "papi"
| #define PACKAGE_VERSION "4.1.3.0"
| #define PACKAGE_STRING "PAPI 4.1.3.0"
| #define PACKAGE_BUGREPORT "ptools-perfapi@eecs.utk.edu"
| /* end confdefs.h.  */
| #include <ac_nonexistent.h>
configure:3140: checking whether ln -s works
configure:3144: result: yes
configure:3151: checking whether make sets $(MAKE)
configure:3172: result: yes
configure:3224: checking for ranlib
configure:3240: found /usr/bin/ranlib
configure:3251: result: ranlib
configure:3285: checking for grep that handles long lines and -e
configure:3359: result: /bin/grep
configure:3364: checking for egrep
configure:3442: result: /bin/grep -E
configure:3447: checking for ANSI C header files
configure:3477: gcc -c  -g  conftest.c >&5
configure:3483: $? = 0
configure:3582: gcc -o conftest  -g   conftest.c  >&5
configure:3585: $? = 0
configure:3591: ./conftest
configure:3594: $? = 0
configure:3611: result: yes
configure:3621: checking for inline
configure:3647: gcc -c  -g  conftest.c >&5
configure:3653: $? = 0
configure:3671: result: inline
configure:3690: checking whether time.h and sys/time.h may both be included
configure:3720: gcc -c  -g  conftest.c >&5
configure:3726: $? = 0
configure:3741: result: yes
configure:3765: checking for sys/types.h
configure:3786: gcc -c  -g  conftest.c >&5
configure:3792: $? = 0
configure:3808: result: yes
configure:3765: checking for sys/stat.h
configure:3786: gcc -c  -g  conftest.c >&5
configure:3792: $? = 0
configure:3808: result: yes
configure:3765: checking for stdlib.h
configure:3786: gcc -c  -g  conftest.c >&5
configure:3792: $? = 0
configure:3808: result: yes
configure:3765: checking for string.h
configure:3786: gcc -c  -g  conftest.c >&5
configure:3792: $? = 0
configure:3808: result: yes
configure:3765: checking for memory.h
configure:3786: gcc -c  -g  conftest.c >&5
configure:3792: $? = 0
configure:3808: result: yes
configure:3765: checking for strings.h
configure:3786: gcc -c  -g  conftest.c >&5
configure:3792: $? = 0
configure:3808: result: yes
configure:3765: checking for inttypes.h
configure:3786: gcc -c  -g  conftest.c >&5
configure:3792: $? = 0
configure:3808: result: yes
configure:3765: checking for stdint.h
configure:3786: gcc -c  -g  conftest.c >&5
configure:3792: $? = 0
configure:3808: result: yes
configure:3765: checking for unistd.h
configure:3786: gcc -c  -g  conftest.c >&5
configure:3792: $? = 0
configure:3808: result: yes
configure:3838: checking sys/time.h usability
configure:3855: gcc -c  -g  conftest.c >&5
configure:3861: $? = 0
configure:3875: result: yes
configure:3879: checking sys/time.h presence
configure:3894: gcc -E  conftest.c
configure:3900: $? = 0
configure:3914: result: yes
configure:3947: checking for sys/time.h
configure:3955: result: yes
configure:3838: checking c_asm.h usability
configure:3855: gcc -c  -g  conftest.c >&5
conftest.c:54:19: fatal error: c_asm.h: No such file or directory
compilation terminated.
configure:3861: $? = 1
configure: failed program was:
| /* confdefs.h.  */
| #define PACKAGE_NAME "PAPI"
| #define PACKAGE_TARNAME "papi"
| #define PACKAGE_VERSION "4.1.3.0"
| #define PACKAGE_STRING "PAPI 4.1.3.0"
| #define PACKAGE_BUGREPORT "ptools-perfapi@eecs.utk.edu"
| #define _GNU_SOURCE 1
| #define STDC_HEADERS 1
| #define TIME_WITH_SYS_TIME 1
| #define HAVE_SYS_TYPES_H 1
| #define HAVE_SYS_STAT_H 1
| #define HAVE_STDLIB_H 1
| #define HAVE_STRING_H 1
| #define HAVE_MEMORY_H 1
| #define HAVE_STRINGS_H 1
| #define HAVE_INTTYPES_H 1
| #define HAVE_STDINT_H 1
| #define HAVE_UNISTD_H 1
| #define HAVE_SYS_TIME_H 1
| /* end confdefs.h.  */
| #include <stdio.h>
| #ifdef HAVE_SYS_TYPES_H
| # include <sys/types.h>
| #endif
| #ifdef HAVE_SYS_STAT_H
| # include <sys/stat.h>
| #endif
| #ifdef STDC_HEADERS
| # include <stdlib.h>
| # include <stddef.h>
| #else
| # ifdef HAVE_STDLIB_H
| #  include <stdlib.h>
| # endif
| #endif
| #ifdef HAVE_STRING_H
| # if !defined STDC_HEADERS && defined HAVE_MEMORY_H
| #  include <memory.h>
| # endif
| # include <string.h>
| #endif
| #ifdef HAVE_STRINGS_H
| # include <strings.h>
| #endif
| #ifdef HAVE_INTTYPES_H
| # include <inttypes.h>
| #endif
| #ifdef HAVE_STDINT_H
| # include <stdint.h>
| #endif
| #ifdef HAVE_UNISTD_H
| # include <unistd.h>
| #endif
| #include <c_asm.h>
configure:3875: result: no
configure:3879: checking c_asm.h presence
configure:3894: gcc -E  conftest.c
conftest.c:21:19: fatal error: c_asm.h: No such file or directory
compilation terminated.
configure:3900: $? = 1
configure: failed program was:
| /* confdefs.h.  */
| #define PACKAGE_NAME "PAPI"
| #define PACKAGE_TARNAME "papi"
| #define PACKAGE_VERSION "4.1.3.0"
| #define PACKAGE_STRING "PAPI 4.1.3.0"
| #define PACKAGE_BUGREPORT "ptools-perfapi@eecs.utk.edu"
| #define _GNU_SOURCE 1
| #define STDC_HEADERS 1
| #define TIME_WITH_SYS_TIME 1
| #define HAVE_SYS_TYPES_H 1
| #define HAVE_SYS_STAT_H 1
| #define HAVE_STDLIB_H 1
| #define HAVE_STRING_H 1
| #define HAVE_MEMORY_H 1
| #define HAVE_STRINGS_H 1
| #define HAVE_INTTYPES_H 1
| #define HAVE_STDINT_H 1
| #define HAVE_UNISTD_H 1
| #define HAVE_SYS_TIME_H 1
| /* end confdefs.h.  */
| #include <c_asm.h>
configure:3914: result: no
configure:3947: checking for c_asm.h
configure:3955: result: no
configure:3838: checking intrinsics.h usability
configure:3855: gcc -c  -g  conftest.c >&5
conftest.c:54:24: fatal error: intrinsics.h: No such file or directory
compilation terminated.
configure:3861: $? = 1
configure: failed program was:
| /* confdefs.h.  */
| #define PACKAGE_NAME "PAPI"
| #define PACKAGE_TARNAME "papi"
| #define PACKAGE_VERSION "4.1.3.0"
| #define PACKAGE_STRING "PAPI 4.1.3.0"
| #define PACKAGE_BUGREPORT "ptools-perfapi@eecs.utk.edu"
| #define _GNU_SOURCE 1
| #define STDC_HEADERS 1
| #define TIME_WITH_SYS_TIME 1
| #define HAVE_SYS_TYPES_H 1
| #define HAVE_SYS_STAT_H 1
| #define HAVE_STDLIB_H 1
| #define HAVE_STRING_H 1
| #define HAVE_MEMORY_H 1
| #define HAVE_STRINGS_H 1
| #define HAVE_INTTYPES_H 1
| #define HAVE_STDINT_H 1
| #define HAVE_UNISTD_H 1
| #define HAVE_SYS_TIME_H 1
| /* end confdefs.h.  */
| #include <stdio.h>
| #ifdef HAVE_SYS_TYPES_H
| # include <sys/types.h>
| #endif
| #ifdef HAVE_SYS_STAT_H
| # include <sys/stat.h>
| #endif
| #ifdef STDC_HEADERS
| # include <stdlib.h>
| # include <stddef.h>
| #else
| # ifdef HAVE_STDLIB_H
| #  include <stdlib.h>
| # endif
| #endif
| #ifdef HAVE_STRING_H
| # if !defined STDC_HEADERS && defined HAVE_MEMORY_H
| #  include <memory.h>
| # endif
| # include <string.h>
| #endif
| #ifdef HAVE_STRINGS_H
| # include <strings.h>
| #endif
| #ifdef HAVE_INTTYPES_H
| # include <inttypes.h>
| #endif
| #ifdef HAVE_STDINT_H
| # include <stdint.h>
| #endif
| #ifdef HAVE_UNISTD_H
| # include <unistd.h>
| #endif
| #include <intrinsics.h>
configure:3875: result: no
configure:3879: checking intrinsics.h presence
configure:3894: gcc -E  conftest.c
conftest.c:21:24: fatal error: intrinsics.h: No such file or directory
compilation terminated.
configure:3900: $? = 1
configure: failed program was:
| /* confdefs.h.  */
| #define PACKAGE_NAME "PAPI"
| #define PACKAGE_TARNAME "papi"
| #define PACKAGE_VERSION "4.1.3.0"
| #define PACKAGE_STRING "PAPI 4.1.3.0"
| #define PACKAGE_BUGREPORT "ptools-perfapi@eecs.utk.edu"
| #define _GNU_SOURCE 1
| #define STDC_HEADERS 1
| #define TIME_WITH_SYS_TIME 1
| #define HAVE_SYS_TYPES_H 1
| #define HAVE_SYS_STAT_H 1
| #define HAVE_STDLIB_H 1
| #define HAVE_STRING_H 1
| #define HAVE_MEMORY_H 1
| #define HAVE_STRINGS_H 1
| #define HAVE_INTTYPES_H 1
| #define HAVE_STDINT_H 1
| #define HAVE_UNISTD_H 1
| #define HAVE_SYS_TIME_H 1
| /* end confdefs.h.  */
| #include <intrinsics.h>
configure:3914: result: no
configure:3947: checking for intrinsics.h
configure:3955: result: no
configure:3838: checking mach/mach_time.h usability
configure:3855: gcc -c  -g  conftest.c >&5
conftest.c:54:28: fatal error: mach/mach_time.h: No such file or directory
compilation terminated.
configure:3861: $? = 1
configure: failed program was:
| /* confdefs.h.  */
| #define PACKAGE_NAME "PAPI"
| #define PACKAGE_TARNAME "papi"
| #define PACKAGE_VERSION "4.1.3.0"
| #define PACKAGE_STRING "PAPI 4.1.3.0"
| #define PACKAGE_BUGREPORT "ptools-perfapi@eecs.utk.edu"
| #define _GNU_SOURCE 1
| #define STDC_HEADERS 1
| #define TIME_WITH_SYS_TIME 1
| #define HAVE_SYS_TYPES_H 1
| #define HAVE_SYS_STAT_H 1
| #define HAVE_STDLIB_H 1
| #define HAVE_STRING_H 1
| #define HAVE_MEMORY_H 1
| #define HAVE_STRINGS_H 1
| #define HAVE_INTTYPES_H 1
| #define HAVE_STDINT_H 1
| #define HAVE_UNISTD_H 1
| #define HAVE_SYS_TIME_H 1
| /* end confdefs.h.  */
| #include <stdio.h>
| #ifdef HAVE_SYS_TYPES_H
| # include <sys/types.h>
| #endif
| #ifdef HAVE_SYS_STAT_H
| # include <sys/stat.h>
| #endif
| #ifdef STDC_HEADERS
| # include <stdlib.h>
| # include <stddef.h>
| #else
| # ifdef HAVE_STDLIB_H
| #  include <stdlib.h>
| # endif
| #endif
| #ifdef HAVE_STRING_H
| # if !defined STDC_HEADERS && defined HAVE_MEMORY_H
| #  include <memory.h>
| # endif
| # include <string.h>
| #endif
| #ifdef HAVE_STRINGS_H
| # include <strings.h>
| #endif
| #ifdef HAVE_INTTYPES_H
| # include <inttypes.h>
| #endif
| #ifdef HAVE_STDINT_H
| # include <stdint.h>
| #endif
| #ifdef HAVE_UNISTD_H
| # include <unistd.h>
| #endif
| #include <mach/mach_time.h>
configure:3875: result: no
configure:3879: checking mach/mach_time.h presence
configure:3894: gcc -E  conftest.c
conftest.c:21:28: fatal error: mach/mach_time.h: No such file or directory
compilation terminated.
configure:3900: $? = 1
configure: failed program was:
| /* confdefs.h.  */
| #define PACKAGE_NAME "PAPI"
| #define PACKAGE_TARNAME "papi"
| #define PACKAGE_VERSION "4.1.3.0"
| #define PACKAGE_STRING "PAPI 4.1.3.0"
| #define PACKAGE_BUGREPORT "ptools-perfapi@eecs.utk.edu"
| #define _GNU_SOURCE 1
| #define STDC_HEADERS 1
| #define TIME_WITH_SYS_TIME 1
| #define HAVE_SYS_TYPES_H 1
| #define HAVE_SYS_STAT_H 1
| #define HAVE_STDLIB_H 1
| #define HAVE_STRING_H 1
| #define HAVE_MEMORY_H 1
| #define HAVE_STRINGS_H 1
| #define HAVE_INTTYPES_H 1
| #define HAVE_STDINT_H 1
| #define HAVE_UNISTD_H 1
| #define HAVE_SYS_TIME_H 1
| /* end confdefs.h.  */
| #include <mach/mach_time.h>
configure:3914: result: no
configure:3947: checking for mach/mach_time.h
configure:3955: result: no
configure:3976: checking for gethrtime
configure:4032: gcc -o conftest  -g   conftest.c  >&5
/local/ananya/tmp/ccj27LL5.o: In function `main':
/local/MSP/papi-4.1.3/src/conftest.c:55: undefined reference to `gethrtime'
collect2: error: ld returned 1 exit status
configure:4038: $? = 1
configure: failed program was:
| /* confdefs.h.  */
| #define PACKAGE_NAME "PAPI"
| #define PACKAGE_TARNAME "papi"
| #define PACKAGE_VERSION "4.1.3.0"
| #define PACKAGE_STRING "PAPI 4.1.3.0"
| #define PACKAGE_BUGREPORT "ptools-perfapi@eecs.utk.edu"
| #define _GNU_SOURCE 1
| #define STDC_HEADERS 1
| #define TIME_WITH_SYS_TIME 1
| #define HAVE_SYS_TYPES_H 1
| #define HAVE_SYS_STAT_H 1
| #define HAVE_STDLIB_H 1
| #define HAVE_STRING_H 1
| #define HAVE_MEMORY_H 1
| #define HAVE_STRINGS_H 1
| #define HAVE_INTTYPES_H 1
| #define HAVE_STDINT_H 1
| #define HAVE_UNISTD_H 1
| #define HAVE_SYS_TIME_H 1
| /* end confdefs.h.  */
| /* Define gethrtime to an innocuous variant, in case <limits.h> declares gethrtime.
|    For example, HP-UX 11i <limits.h> declares gettimeofday.  */
| #define gethrtime innocuous_gethrtime
| 
| /* System header to define __stub macros and hopefully few prototypes,
|     which can conflict with char gethrtime (); below.
|     Prefer <limits.h> to <assert.h> if __STDC__ is defined, since
|     <limits.h> exists even on freestanding compilers.  */
| 
| #ifdef __STDC__
| # include <limits.h>
| #else
| # include <assert.h>
| #endif
| 
| #undef gethrtime
| 
| /* Override any GCC internal prototype to avoid an error.
|    Use char because int might match the return type of a GCC
|    builtin and then its argument prototype would still apply.  */
| #ifdef __cplusplus
| extern "C"
| #endif
| char gethrtime ();
| /* The GNU C library defines this for functions which it implements
|     to always fail with ENOSYS.  Some functions are actually named
|     something starting with __ and the normal name is an alias.  */
| #if defined __stub_gethrtime || defined __stub___gethrtime
| choke me
| #endif
| 
| int
| main ()
| {
| return gethrtime ();
|   ;
|   return 0;
| }
configure:4056: result: no
configure:3976: checking for read_real_time
configure:4032: gcc -o conftest  -g   conftest.c  >&5
/local/ananya/tmp/cc6ihn7g.o: In function `main':
/local/MSP/papi-4.1.3/src/conftest.c:55: undefined reference to `read_real_time'
collect2: error: ld returned 1 exit status
configure:4038: $? = 1
configure: failed program was:
| /* confdefs.h.  */
| #define PACKAGE_NAME "PAPI"
| #define PACKAGE_TARNAME "papi"
| #define PACKAGE_VERSION "4.1.3.0"
| #define PACKAGE_STRING "PAPI 4.1.3.0"
| #define PACKAGE_BUGREPORT "ptools-perfapi@eecs.utk.edu"
| #define _GNU_SOURCE 1
| #define STDC_HEADERS 1
| #define TIME_WITH_SYS_TIME 1
| #define HAVE_SYS_TYPES_H 1
| #define HAVE_SYS_STAT_H 1
| #define HAVE_STDLIB_H 1
| #define HAVE_STRING_H 1
| #define HAVE_MEMORY_H 1
| #define HAVE_STRINGS_H 1
| #define HAVE_INTTYPES_H 1
| #define HAVE_STDINT_H 1
| #define HAVE_UNISTD_H 1
| #define HAVE_SYS_TIME_H 1
| /* end confdefs.h.  */
| /* Define read_real_time to an innocuous variant, in case <limits.h> declares read_real_time.
|    For example, HP-UX 11i <limits.h> declares gettimeofday.  */
| #define read_real_time innocuous_read_real_time
| 
| /* System header to define __stub macros and hopefully few prototypes,
|     which can conflict with char read_real_time (); below.
|     Prefer <limits.h> to <assert.h> if __STDC__ is defined, since
|     <limits.h> exists even on freestanding compilers.  */
| 
| #ifdef __STDC__
| # include <limits.h>
| #else
| # include <assert.h>
| #endif
| 
| #undef read_real_time
| 
| /* Override any GCC internal prototype to avoid an error.
|    Use char because int might match the return type of a GCC
|    builtin and then its argument prototype would still apply.  */
| #ifdef __cplusplus
| extern "C"
| #endif
| char read_real_time ();
| /* The GNU C library defines this for functions which it implements
|     to always fail with ENOSYS.  Some functions are actually named
|     something starting with __ and the normal name is an alias.  */
| #if defined __stub_read_real_time || defined __stub___read_real_time
| choke me
| #endif
| 
| int
| main ()
| {
| return read_real_time ();
|   ;
|   return 0;
| }
configure:4056: result: no
configure:3976: checking for time_base_to_time
configure:4032: gcc -o conftest  -g   conftest.c  >&5
/local/ananya/tmp/ccti4K2p.o: In function `main':
/local/MSP/papi-4.1.3/src/conftest.c:55: undefined reference to `time_base_to_time'
collect2: error: ld returned 1 exit status
configure:4038: $? = 1
configure: failed program was:
| /* confdefs.h.  */
| #define PACKAGE_NAME "PAPI"
| #define PACKAGE_TARNAME "papi"
| #define PACKAGE_VERSION "4.1.3.0"
| #define PACKAGE_STRING "PAPI 4.1.3.0"
| #define PACKAGE_BUGREPORT "ptools-perfapi@eecs.utk.edu"
| #define _GNU_SOURCE 1
| #define STDC_HEADERS 1
| #define TIME_WITH_SYS_TIME 1
| #define HAVE_SYS_TYPES_H 1
| #define HAVE_SYS_STAT_H 1
| #define HAVE_STDLIB_H 1
| #define HAVE_STRING_H 1
| #define HAVE_MEMORY_H 1
| #define HAVE_STRINGS_H 1
| #define HAVE_INTTYPES_H 1
| #define HAVE_STDINT_H 1
| #define HAVE_UNISTD_H 1
| #define HAVE_SYS_TIME_H 1
| /* end confdefs.h.  */
| /* Define time_base_to_time to an innocuous variant, in case <limits.h> declares time_base_to_time.
|    For example, HP-UX 11i <limits.h> declares gettimeofday.  */
| #define time_base_to_time innocuous_time_base_to_time
| 
| /* System header to define __stub macros and hopefully few prototypes,
|     which can conflict with char time_base_to_time (); below.
|     Prefer <limits.h> to <assert.h> if __STDC__ is defined, since
|     <limits.h> exists even on freestanding compilers.  */
| 
| #ifdef __STDC__
| # include <limits.h>
| #else
| # include <assert.h>
| #endif
| 
| #undef time_base_to_time
| 
| /* Override any GCC internal prototype to avoid an error.
|    Use char because int might match the return type of a GCC
|    builtin and then its argument prototype would still apply.  */
| #ifdef __cplusplus
| extern "C"
| #endif
| char time_base_to_time ();
| /* The GNU C library defines this for functions which it implements
|     to always fail with ENOSYS.  Some functions are actually named
|     something starting with __ and the normal name is an alias.  */
| #if defined __stub_time_base_to_time || defined __stub___time_base_to_time
| choke me
| #endif
| 
| int
| main ()
| {
| return time_base_to_time ();
|   ;
|   return 0;
| }
configure:4056: result: no
configure:3976: checking for clock_gettime
configure:4032: gcc -o conftest  -g   conftest.c  >&5
/local/ananya/tmp/cc8bJadx.o: In function `main':
/local/MSP/papi-4.1.3/src/conftest.c:55: undefined reference to `clock_gettime'
collect2: error: ld returned 1 exit status
configure:4038: $? = 1
configure: failed program was:
| /* confdefs.h.  */
| #define PACKAGE_NAME "PAPI"
| #define PACKAGE_TARNAME "papi"
| #define PACKAGE_VERSION "4.1.3.0"
| #define PACKAGE_STRING "PAPI 4.1.3.0"
| #define PACKAGE_BUGREPORT "ptools-perfapi@eecs.utk.edu"
| #define _GNU_SOURCE 1
| #define STDC_HEADERS 1
| #define TIME_WITH_SYS_TIME 1
| #define HAVE_SYS_TYPES_H 1
| #define HAVE_SYS_STAT_H 1
| #define HAVE_STDLIB_H 1
| #define HAVE_STRING_H 1
| #define HAVE_MEMORY_H 1
| #define HAVE_STRINGS_H 1
| #define HAVE_INTTYPES_H 1
| #define HAVE_STDINT_H 1
| #define HAVE_UNISTD_H 1
| #define HAVE_SYS_TIME_H 1
| /* end confdefs.h.  */
| /* Define clock_gettime to an innocuous variant, in case <limits.h> declares clock_gettime.
|    For example, HP-UX 11i <limits.h> declares gettimeofday.  */
| #define clock_gettime innocuous_clock_gettime
| 
| /* System header to define __stub macros and hopefully few prototypes,
|     which can conflict with char clock_gettime (); below.
|     Prefer <limits.h> to <assert.h> if __STDC__ is defined, since
|     <limits.h> exists even on freestanding compilers.  */
| 
| #ifdef __STDC__
| # include <limits.h>
| #else
| # include <assert.h>
| #endif
| 
| #undef clock_gettime
| 
| /* Override any GCC internal prototype to avoid an error.
|    Use char because int might match the return type of a GCC
|    builtin and then its argument prototype would still apply.  */
| #ifdef __cplusplus
| extern "C"
| #endif
| char clock_gettime ();
| /* The GNU C library defines this for functions which it implements
|     to always fail with ENOSYS.  Some functions are actually named
|     something starting with __ and the normal name is an alias.  */
| #if defined __stub_clock_gettime || defined __stub___clock_gettime
| choke me
| #endif
| 
| int
| main ()
| {
| return clock_gettime ();
|   ;
|   return 0;
| }
configure:4056: result: no
configure:3976: checking for mach_absolute_time
configure:4032: gcc -o conftest  -g   conftest.c  >&5
/local/ananya/tmp/cceo1PzI.o: In function `main':
/local/MSP/papi-4.1.3/src/conftest.c:55: undefined reference to `mach_absolute_time'
collect2: error: ld returned 1 exit status
configure:4038: $? = 1
configure: failed program was:
| /* confdefs.h.  */
| #define PACKAGE_NAME "PAPI"
| #define PACKAGE_TARNAME "papi"
| #define PACKAGE_VERSION "4.1.3.0"
| #define PACKAGE_STRING "PAPI 4.1.3.0"
| #define PACKAGE_BUGREPORT "ptools-perfapi@eecs.utk.edu"
| #define _GNU_SOURCE 1
| #define STDC_HEADERS 1
| #define TIME_WITH_SYS_TIME 1
| #define HAVE_SYS_TYPES_H 1
| #define HAVE_SYS_STAT_H 1
| #define HAVE_STDLIB_H 1
| #define HAVE_STRING_H 1
| #define HAVE_MEMORY_H 1
| #define HAVE_STRINGS_H 1
| #define HAVE_INTTYPES_H 1
| #define HAVE_STDINT_H 1
| #define HAVE_UNISTD_H 1
| #define HAVE_SYS_TIME_H 1
| /* end confdefs.h.  */
| /* Define mach_absolute_time to an innocuous variant, in case <limits.h> declares mach_absolute_time.
|    For example, HP-UX 11i <limits.h> declares gettimeofday.  */
| #define mach_absolute_time innocuous_mach_absolute_time
| 
| /* System header to define __stub macros and hopefully few prototypes,
|     which can conflict with char mach_absolute_time (); below.
|     Prefer <limits.h> to <assert.h> if __STDC__ is defined, since
|     <limits.h> exists even on freestanding compilers.  */
| 
| #ifdef __STDC__
| # include <limits.h>
| #else
| # include <assert.h>
| #endif
| 
| #undef mach_absolute_time
| 
| /* Override any GCC internal prototype to avoid an error.
|    Use char because int might match the return type of a GCC
|    builtin and then its argument prototype would still apply.  */
| #ifdef __cplusplus
| extern "C"
| #endif
| char mach_absolute_time ();
| /* The GNU C library defines this for functions which it implements
|     to always fail with ENOSYS.  Some functions are actually named
|     something starting with __ and the normal name is an alias.  */
| #if defined __stub_mach_absolute_time || defined __stub___mach_absolute_time
| choke me
| #endif
| 
| int
| main ()
| {
| return mach_absolute_time ();
|   ;
|   return 0;
| }
configure:4056: result: no
configure:4072: checking for dlopen and dlerror symbols in base system
configure:4095: gcc -o conftest  -g   conftest.c  >&5
/local/ananya/tmp/ccdaKazO.o: In function `main':
/local/MSP/papi-4.1.3/src/conftest.c:25: undefined reference to `dlopen'
/local/MSP/papi-4.1.3/src/conftest.c:25: undefined reference to `dlerror'
collect2: error: ld returned 1 exit status
configure:4101: $? = 1
configure: failed program was:
| /* confdefs.h.  */
| #define PACKAGE_NAME "PAPI"
| #define PACKAGE_TARNAME "papi"
| #define PACKAGE_VERSION "4.1.3.0"
| #define PACKAGE_STRING "PAPI 4.1.3.0"
| #define PACKAGE_BUGREPORT "ptools-perfapi@eecs.utk.edu"
| #define _GNU_SOURCE 1
| #define STDC_HEADERS 1
| #define TIME_WITH_SYS_TIME 1
| #define HAVE_SYS_TYPES_H 1
| #define HAVE_SYS_STAT_H 1
| #define HAVE_STDLIB_H 1
| #define HAVE_STRING_H 1
| #define HAVE_MEMORY_H 1
| #define HAVE_STRINGS_H 1
| #define HAVE_INTTYPES_H 1
| #define HAVE_STDINT_H 1
| #define HAVE_UNISTD_H 1
| #define HAVE_SYS_TIME_H 1
| /* end confdefs.h.  */
| #include <dlfcn.h>
| int
| main ()
| {
| void *p = dlopen ("", 0); char *c = dlerror();
|   ;
|   return 0;
| }
configure:4122: result: not found
configure:4124: checking for dlopen and dlerror symbols in -ldl
configure:4149: gcc -o conftest  -g   -ldl conftest.c  >&5
configure:4155: $? = 0
configure:4173: result: found
configure:4364: checking for components to build
configure:4392: result: 
configure:4395: checking for debug build
configure:4416: result: 
configure:4430: checking for CPU type
configure:4798: result: opteron
configure:4818: checking for ffsll
configure:4874: gcc -o conftest  -g   conftest.c  >&5
conftest.c:45:6: warning: conflicting types for built-in function 'ffsll' [enabled by default]
configure:4880: $? = 0
configure:4897: result: yes
configure:4922: checking for working gettid
configure:4934: gcc -o conftest  -g   conftest.c  >&5
/local/ananya/tmp/ccdLG649.o: In function `main':
/local/MSP/papi-4.1.3/src/conftest.c:2: undefined reference to `gettid'
collect2: error: ld returned 1 exit status
configure:4940: $? = 1
configure: failed program was:
| #include <sys/types.h>
|                 main() { pid_t a = gettid(); }
configure:4957: result: no
configure:4959: checking for working syscall(SYS_gettid)
configure:4972: gcc -o conftest  -g   conftest.c  >&5
configure:4978: $? = 0
configure:4984: result: yes
configure:5017: checking for working MMTIMER
configure:5058: gcc -o conftest  -g   conftest.c  >&5
configure:5061: $? = 0
configure:5067: ./conftest
configure:5070: $? = 1
configure: program exited with status 1
configure: failed program was:
| /* confdefs.h.  */
| #define PACKAGE_NAME "PAPI"
| #define PACKAGE_TARNAME "papi"
| #define PACKAGE_VERSION "4.1.3.0"
| #define PACKAGE_STRING "PAPI 4.1.3.0"
| #define PACKAGE_BUGREPORT "ptools-perfapi@eecs.utk.edu"
| #define _GNU_SOURCE 1
| #define STDC_HEADERS 1
| #define TIME_WITH_SYS_TIME 1
| #define HAVE_SYS_TYPES_H 1
| #define HAVE_SYS_STAT_H 1
| #define HAVE_STDLIB_H 1
| #define HAVE_STRING_H 1
| #define HAVE_MEMORY_H 1
| #define HAVE_STRINGS_H 1
| #define HAVE_INTTYPES_H 1
| #define HAVE_STDINT_H 1
| #define HAVE_UNISTD_H 1
| #define HAVE_SYS_TIME_H 1
| #define CPU opteron
| #define HAVE_SYSCALL_GETTID 1
| /* end confdefs.h.  */
| #include <unistd.h>
|                          #include <fcntl.h>
|                          #include <errno.h>
|                          #include <stdlib.h>
|                          #include <sys/ioctl.h>
|                          #include <linux/mmtimer.h>
|                          #ifndef MMTIMER_FULLNAME
|                          #define MMTIMER_FULLNAME "/dev/mmtimer"
|                          #endif
|                          int main() {
|                            int offset;
|                            int fd;
|                            if((fd = open(MMTIMER_FULLNAME, O_RDONLY)) == -1)
|                              exit(1);
|                            if ((offset = ioctl(fd, MMTIMER_GETOFFSET, 0)) < 0)
|                              exit(1);
|                            close(fd);
|                            exit(0);
|                          }
configure:5081: result: no
configure:5083: checking for working CLOCK_REALTIME_HR POSIX 1b timer
configure:5122: gcc -o conftest  -g   conftest.c  >&5
conftest.c: In function 'main':
conftest.c:31:71: error: 'CLOCK_REALTIME_HR' undeclared (first use in this function)
conftest.c:31:71: note: each undeclared identifier is reported only once for each function it appears in
configure:5125: $? = 1
configure: program exited with status 1
configure: failed program was:
| /* confdefs.h.  */
| #define PACKAGE_NAME "PAPI"
| #define PACKAGE_TARNAME "papi"
| #define PACKAGE_VERSION "4.1.3.0"
| #define PACKAGE_STRING "PAPI 4.1.3.0"
| #define PACKAGE_BUGREPORT "ptools-perfapi@eecs.utk.edu"
| #define _GNU_SOURCE 1
| #define STDC_HEADERS 1
| #define TIME_WITH_SYS_TIME 1
| #define HAVE_SYS_TYPES_H 1
| #define HAVE_SYS_STAT_H 1
| #define HAVE_STDLIB_H 1
| #define HAVE_STRING_H 1
| #define HAVE_MEMORY_H 1
| #define HAVE_STRINGS_H 1
| #define HAVE_INTTYPES_H 1
| #define HAVE_STDINT_H 1
| #define HAVE_UNISTD_H 1
| #define HAVE_SYS_TIME_H 1
| #define CPU opteron
| #define HAVE_SYSCALL_GETTID 1
| /* end confdefs.h.  */
| #include <unistd.h>
|                                      #include <stdlib.h>
|                                      #include <stdio.h>
|                                      #include <time.h>
|                                      #include <syscall.h>
|                                      main() {
|                                        struct timespec t1, t2;
|                                        double seconds;
|                                        if (syscall(__NR_clock_gettime,CLOCK_REALTIME_HR,&t1) == -1) exit(1);
|                                          sleep(1);
|                                        if (syscall(__NR_clock_gettime,CLOCK_REALTIME_HR,&t2) == -1) exit(1);
|                                          seconds = ((double)t2.tv_sec + (double)t2.tv_nsec/1000000000.0) - ((double)t1.tv_sec + (double)t1.tv_nsec/1000000000.0);
|                                        if (seconds > 1.0)
|                                          exit(0);
|                                        else
|                                          exit(1);
|                                      }
configure:5145: result: no
configure:5147: checking for working CLOCK_REALTIME POSIX 1b timer
configure:5186: gcc -o conftest  -g   conftest.c  >&5
configure:5189: $? = 0
configure:5195: ./conftest
configure:5198: $? = 0
configure:5201: result: yes
configure:5230: checking for real time clock or cycle counter
configure:5268: result: clock_realtime
configure:5289: checking for working __thread
configure:5333: gcc -o conftest -pthread   conftest.c  >&5
conftest.c: In function 'thread_main':
conftest.c:29:34: warning: cast from pointer to integer of different size [-Wpointer-to-int-cast]
conftest.c:31:34: warning: cast from pointer to integer of different size [-Wpointer-to-int-cast]
conftest.c:32:39: warning: cast from pointer to integer of different size [-Wpointer-to-int-cast]
conftest.c:34:39: warning: cast from pointer to integer of different size [-Wpointer-to-int-cast]
conftest.c: In function 'main':
conftest.c:40:30: warning: passing argument 3 of 'pthread_create' from incompatible pointer type [enabled by default]
In file included from conftest.c:24:0:
/usr/include/pthread.h:225:12: note: expected 'void * (*)(void *)' but argument is of type 'void (*)(void *)'
conftest.c:41:30: warning: passing argument 3 of 'pthread_create' from incompatible pointer type [enabled by default]
In file included from conftest.c:24:0:
/usr/include/pthread.h:225:12: note: expected 'void * (*)(void *)' but argument is of type 'void (*)(void *)'
configure:5336: $? = 0
configure:5342: ./conftest
configure:5345: $? = 0
configure:5347: result: yes
configure:5383: checking for high performance thread local storage
configure:5398: result: __thread
configure:5412: checking for working CLOCK_THREAD_CPUTIME_ID POSIX 1b timer
configure:5494: gcc -o conftest -pthread   conftest.c  >&5
conftest.c: In function 'doThreadTwo':
conftest.c:66:27: warning: return makes pointer from integer without a cast [enabled by default]
configure:5497: $? = 0
configure:5503: ./conftest
configure:5506: $? = 0
configure:5508: result: yes
configure:5638: checking for thread virtual clock or cycle counter
configure:5671: result: clock_thread_cputime_id
configure:5830: Generating papi_events_table.h
configure:5843: checking for which libraries to build
configure:5872: result: shared static
configure:5876: checking for link test cases with shared library
configure:5907: result: 
configure:5921: checking for /sys/class/perfctr
configure:5936: result: no
configure:5941: checking for /dev/perfctr
configure:5956: result: no
configure:6342: Checking for perfmon version
configure:6344: checking for /sys/kernel/perfmon/version
configure:6359: result: no
configure:6364: checking for /proc/perfmon
configure:6379: result: no
configure:6465: checking for /usr/include/linux/perf_event.h
configure:6481: result: yes
configure:7352: checking platform
configure:7535: result: linux-pe
configure:7957: Compiling genpapifdef with gcc
configure:7962: Generating fpapi.h
configure:7965: Generating f77papi.h
configure:7968: Generating f90papi.h
configure:7972: Rules.pfm_pe will be included in the generated Makefile
configure:8076: creating ./config.status

## ---------------------- ##
## Running config.status. ##
## ---------------------- ##

This file was extended by PAPI config.status 4.1.3.0, which was
generated by GNU Autoconf 2.61.  Invocation command line was

  CONFIG_FILES    = 
  CONFIG_HEADERS  = 
  CONFIG_LINKS    = 
  CONFIG_COMMANDS = 
  $ ./config.status 

on gothmog.it.kth.se

config.status:663: creating Makefile
config.status:663: creating config.h

## ---------------- ##
## Cache variables. ##
## ---------------- ##

ac_cv_c_compiler_gnu=yes
ac_cv_c_inline=inline
ac_cv_env_CC_set=
ac_cv_env_CC_value=
ac_cv_env_CFLAGS_set=
ac_cv_env_CFLAGS_value=
ac_cv_env_CPPFLAGS_set=
ac_cv_env_CPPFLAGS_value=
ac_cv_env_CPP_set=
ac_cv_env_CPP_value=
ac_cv_env_F77_set=
ac_cv_env_F77_value=
ac_cv_env_FFLAGS_set=
ac_cv_env_FFLAGS_value=
ac_cv_env_LDFLAGS_set=
ac_cv_env_LDFLAGS_value=
ac_cv_env_LIBS_set=
ac_cv_env_LIBS_value=
ac_cv_env_build_alias_set=
ac_cv_env_build_alias_value=
ac_cv_env_host_alias_set=
ac_cv_env_host_alias_value=
ac_cv_env_target_alias_set=
ac_cv_env_target_alias_value=
ac_cv_f77_compiler_gnu=yes
ac_cv_file__dev_perfctr=no
ac_cv_file__proc_perfmon=no
ac_cv_file__sys_class_perfctr=no
ac_cv_file__sys_kernel_perfmon_version=no
ac_cv_file__usr_include_linux_perf_event_h=yes
ac_cv_func_clock_gettime=no
ac_cv_func_ffsll=yes
ac_cv_func_gethrtime=no
ac_cv_func_mach_absolute_time=no
ac_cv_func_read_real_time=no
ac_cv_func_time_base_to_time=no
ac_cv_header_c_asm_h=no
ac_cv_header_intrinsics_h=no
ac_cv_header_inttypes_h=yes
ac_cv_header_mach_mach_time_h=no
ac_cv_header_memory_h=yes
ac_cv_header_stdc=yes
ac_cv_header_stdint_h=yes
ac_cv_header_stdlib_h=yes
ac_cv_header_string_h=yes
ac_cv_header_strings_h=yes
ac_cv_header_sys_stat_h=yes
ac_cv_header_sys_time_h=yes
ac_cv_header_sys_types_h=yes
ac_cv_header_time=yes
ac_cv_header_unistd_h=yes
ac_cv_objext=o
ac_cv_path_EGREP='/bin/grep -E'
ac_cv_path_GREP=/bin/grep
ac_cv_prog_AWK=gawk
ac_cv_prog_CPP='gcc -E'
ac_cv_prog_ac_ct_CC=gcc
ac_cv_prog_ac_ct_F77=gfortran
ac_cv_prog_ac_ct_RANLIB=ranlib
ac_cv_prog_cc_c89=
ac_cv_prog_cc_g=yes
ac_cv_prog_f77_g=yes
ac_cv_prog_make_make_set=yes

## ----------------- ##
## Output variables. ##
## ----------------- ##

AR='ar'
ARCH_EVENTS=''
ARG64=''
AWK='gawk'
BGP_SYSDIR=''
BITFLAGS=''
CC='gcc'
CC_R='$(CC) -pthread'
CC_SHR='$(CC) -fPIC -DPIC -shared -Wl,-soname -Wl,libpapi.so -Xlinker "-rpath" -Xlinker "$(LIBDIR)"'
CFLAGS=' -g -DSTATIC_PAPI_EVENTS_TABLE -DPEINCLUDE=\"$(PEPATH)\" -D_REENTRANT -D_GNU_SOURCE -DUSE_COMPILER_TLS  -Wall'
COMPONENT_RULES='components/Rules.components'
CPP='gcc -E'
CPPFLAGS=''
CPU='opteron'
CPU_MODEL=''
CTEST_TARGETS='papi_api serial forkexec_tests overflow_tests profile_tests attach multiplex_and_pthreads shared '
DEBUGFLAGS='-DPAPI_NO_MEMORY_MANAGEMENT'
DEFS='-DHAVE_CONFIG_H'
DESCR=''
ECHO_C=''
ECHO_N='-n'
ECHO_T=''
EGREP='/bin/grep -E'
EXEEXT=''
EXTRA_CFLAGS='-Wextra'
F77='gfortran'
FFLAGS='  -Dlinux -Wall -ffixed-line-length-132'
FILENAME='Rules.pfm_pe'
FLAGS=''
FTEST_TARGETS='strtest zero first second tenth description fdmemtest accum highlevel cost johnmay2 case1 case2 clockres eventname fmatrixlowpapi fmatrixpapi fmatrixpapi2 flops fmultiplex1 fmultiplex2 avail'
GREP='/bin/grep'
LDFLAGS=''
LDL='-ldl'
LIBOBJS=''
LIBRARY='libpapi.a'
LIBS=''
LINKLIB='../$(LIBRARY)'
LN_S='ln -s'
LTLIBOBJS=''
MAKEVER='linux-pe'
MEMSUBSTR='linux'
MISCHDRS='linux-timer.h linux-common.h'
MISCOBJS='$(MISCSRCS:.c=.o)'
MISCSRCS=' x86_cache_info.c sys_perf_event_open.c linux-timer.c linux-common.c'
MPICC=''
NOOPT=''
NOTLS='-DUSE_COMPILER_TLS'
OBJEXT='o'
OMPCFLGS='-fopenmp'
OPTFLAGS='-O2 -DPAPI_NO_MEMORY_MANAGEMENT'
OS='linux'
PACKAGE_BUGREPORT='ptools-perfapi@eecs.utk.edu'
PACKAGE_NAME='PAPI'
PACKAGE_STRING='PAPI 4.1.3.0'
PACKAGE_TARNAME='papi'
PACKAGE_VERSION='4.1.3.0'
PATH_SEPARATOR=':'
PEPATH='/usr/include/linux/perf_event.h'
PMAPI=''
PMINIT=''
POST_BUILD=''
RANLIB='ranlib'
SETPATH=''
SET_MAKE=''
SHELL='/bin/sh'
SHLIB='libpapi.so.$(PAPIVER)'
SHLIBDEPS=''
SHOW_CONF='showconf'
SMPCFLGS=''
STATIC=''
SUBSTR='perf_events'
TESTS=''
TOPTFLAGS='-O0'
UTIL_TARGETS='papi_avail papi_mem_info papi_cost papi_clockres papi_native_avail papi_command_line papi_event_chooser papi_decode papi_xml_event_info papi_version papi_multiplex_cost'
VERSION=''
ac_ct_CC='gcc'
ac_ct_F77='gfortran'
altix=''
arch='x86_64'
bindir='${exec_prefix}/bin'
build_alias=''
cpu_option=''
datadir='${datarootdir}'
datarootdir='${prefix}/share'
docdir='${datarootdir}/doc/${PACKAGE_TARNAME}'
dvidir='${docdir}'
exec_prefix='${prefix}'
host_alias=''
htmldir='${docdir}'
includedir='${prefix}/include'
infodir='${datarootdir}/info'
libdir='${exec_prefix}/lib'
libexecdir='${exec_prefix}/libexec'
localedir='${datarootdir}/locale'
localstatedir='${prefix}/var'
mandir='${datarootdir}/man'
old_pfmv2='n'
oldincludedir='/usr/include'
papiLIBS='shared static'
papi_events='static'
papi_events_table='papi_events_table.h'
pdfdir='${docdir}'
perfctr_incdir=''
perfctr_libdir=''
perfctr_prefix=''
perfctr_root=''
pfm_incdir=''
pfm_libdir=''
pfm_prefix=''
pfm_root=''
prefix='/local/MSP/papi-4.1.3/'
program_transform_name='s,x,x,'
psdir='${docdir}'
sbindir='${exec_prefix}/sbin'
sharedstatedir='${prefix}/com'
sysconfdir='${prefix}/etc'
target_alias=''
tests='ctests ftests'

## ----------- ##
## confdefs.h. ##
## ----------- ##

#define PACKAGE_NAME "PAPI"
#define PACKAGE_TARNAME "papi"
#define PACKAGE_VERSION "4.1.3.0"
#define PACKAGE_STRING "PAPI 4.1.3.0"
#define PACKAGE_BUGREPORT "ptools-perfapi@eecs.utk.edu"
#define _GNU_SOURCE 1
#define STDC_HEADERS 1
#define TIME_WITH_SYS_TIME 1
#define HAVE_SYS_TYPES_H 1
#define HAVE_SYS_STAT_H 1
#define HAVE_STDLIB_H 1
#define HAVE_STRING_H 1
#define HAVE_MEMORY_H 1
#define HAVE_STRINGS_H 1
#define HAVE_INTTYPES_H 1
#define HAVE_STDINT_H 1
#define HAVE_UNISTD_H 1
#define HAVE_SYS_TIME_H 1
#define CPU opteron
#define HAVE_SYSCALL_GETTID 1
#define HAVE_CLOCK_GETTIME_REALTIME CLOCK_REALTIME
#define HAVE_THREAD_LOCAL_STORAGE __thread
#define HAVE_CLOCK_GETTIME_THREAD CLOCK_THREAD_CPUTIME_ID
#define HAVE_PERFMON_PFMLIB_MONTECITO_H 1
#define HAVE_PFM_GET_EVENT_DESCRIPTION 1
#define HAVE_PFMLIB_OUTPUT_PFP_PMD_COUNT 1

configure: exit 0
